<?xml version="1.0" encoding="UTF-8"?>
<!-- Generated by org.testng.reporters.JUnitReportReporter -->
<testsuite hostname="Vikram_Singh" failures="0" tests="2" name="qaclickacademy.Academytest" time="0.015" errors="0" timestamp="2022-08-05T01:34:28 IST" skipped="0">
  <testcase classname="qaclickacademy.Academytest" name="FlightBooking" time="0.013"/>
  <system-out/>
  <testcase classname="qaclickacademy.Academytest" name="OpeningBrowser" time="0.002"/>
  <system-out/>
</testsuite> <!-- qaclickacademy.Academytest -->
