<?xml version="1.0" encoding="UTF-8"?>
<!-- Generated by org.testng.reporters.JUnitReportReporter -->
<testsuite hostname="Vikram_Singh" failures="0" tests="1" name="qaclickacademy.AppTest" time="0.010" errors="0" timestamp="2022-08-04T16:06:30 IST" skipped="0">
  <testcase classname="qaclickacademy.AppTest" name="shouldAnswerWithTrue" time="0.010"/>
  <system-out/>
</testsuite> <!-- qaclickacademy.AppTest -->
